<?xml version="1.0" encoding="UTF-8"?>
<testsuite xmlns:xsi="http://www.w3.org/2001/XMLSchema-instance" xsi:noNamespaceSchemaLocation="https://maven.apache.org/surefire/maven-surefire-plugin/xsd/surefire-test-report.xsd" version="3.0.2" name="fr.univrouen.rss25SB.Rss25SbApplicationTests" time="5.625" tests="1" errors="0" skipped="0" failures="0">
  <properties>
[...]
</properties>
  <testcase name="contextLoads" classname="fr.univrouen.rss25SB.Rss25SbApplicationTests" time="1.453">
    <system-out><![CDATA[12:14:09.905 [main] INFO org.springframework.test.context.support.AnnotationConfigContextLoaderUtils -- Could not detect default configuration classes for test class [fr.univrouen.rss25SB.Rss25SbApplicationTests]: Rss25SbApplicationTests does not declare any static, non-private, non-final, nested classes annotated with @Configuration.
12:14:10.195 [main] INFO org.springframework.boot.test.context.SpringBootTestContextBootstrapper -- Found @SpringBootConfiguration fr.univrouen.rss25SB.Rss25SbApplication for test class fr.univrouen.rss25SB.Rss25SbApplicationTests

  .   ____          _            __ _ _
 /\\ / ___'_ __ _ _(_)_ __  __ _ \ \ \ \
( ( )\___ | '_ | '_| | '_ \/ _` | \ \ \ \
 \\/  ___)| |_)| | | | | || (_| |  ) ) ) )
  '  |____| .__|_| |_|_| |_\__, | / / / /
 =========|_|==============|___/=/_/_/_/

 :: Spring Boot ::       (v3.5.0-SNAPSHOT)

2025-04-27T12:14:11.227+02:00  INFO 79189 --- [           main] f.u.rss25SB.Rss25SbApplicationTests      : Starting Rss25SbApplicationTests using Java 21.0.6 with PID 79189 (started by abdelhalim in /home/abdelhalim/eclipse-workspace/rss25SB)
2025-04-27T12:14:11.230+02:00  INFO 79189 --- [           main] f.u.rss25SB.Rss25SbApplicationTests      : No active profile set, falling back to 1 default profile: "default"
2025-04-27T12:14:13.669+02:00  INFO 79189 --- [           main] f.u.rss25SB.Rss25SbApplicationTests      : Started Rss25SbApplicationTests in 3.162 seconds (process running for 5.233)
]]></system-out>
    <system-err><![CDATA[Mockito is currently self-attaching to enable the inline-mock-maker. This will no longer work in future releases of the JDK. Please add Mockito as an agent to your build as described in Mockito's documentation: https://javadoc.io/doc/org.mockito/mockito-core/latest/org.mockito/org/mockito/Mockito.html#0.3
WARNING: A Java agent has been loaded dynamically (/home/abdelhalim/.m2/repository/net/bytebuddy/byte-buddy-agent/1.17.5/byte-buddy-agent-1.17.5.jar)
WARNING: If a serviceability tool is in use, please run with -XX:+EnableDynamicAgentLoading to hide this warning
WARNING: If a serviceability tool is not in use, please run with -Djdk.instrument.traceUsage for more information
WARNING: Dynamic loading of agents will be disallowed by default in a future release
]]></system-err>
  </testcase>
</testsuite>